#
# There is insufficient memory for the Java Runtime Environment to continue.
# Native memory allocation (malloc) failed to allocate 632416 bytes for Chunk::new
# Possible reasons:
#   The system is out of physical RAM or swap space
#   The process is running with CompressedOops enabled, and the Java Heap may be blocking the growth of the native heap
# Possible solutions:
#   Reduce memory load on the system
#   Increase physical memory or swap space
#   Check if swap backing store is full
#   Decrease Java heap size (-Xmx/-Xms)
#   Decrease number of Java threads
#   Decrease Java thread stack sizes (-Xss)
#   Set larger code cache with -XX:ReservedCodeCacheSize=
#   JVM is running with Zero Based Compressed Oops mode in which the Java heap is
#     placed in the first 32GB address space. The Java Heap base address is the
#     maximum limit for the native heap growth. Please use -XX:HeapBaseMinAddress
#     to set the Java Heap base and to place the Java Heap above 32GB virtual address.
# This output file may be truncated or incomplete.
#
#  Out of Memory Error (arena.cpp:189), pid=13344, tid=4736
#
# JRE version: Java(TM) SE Runtime Environment (17.0.10+11) (build 17.0.10+11-LTS-240)
# Java VM: Java HotSpot(TM) 64-Bit Server VM (17.0.10+11-LTS-240, mixed mode, sharing, tiered, compressed oops, compressed class ptrs, g1 gc, windows-amd64)
# No core dump will be written. Minidumps are not enabled by default on client versions of Windows
#

---------------  S U M M A R Y ------------

Command Line: -javaagent:C:\Program Files\JetBrains\IntelliJ IDEA Community Edition 2024.1.2\lib\idea_rt.jar=12675:C:\Program Files\JetBrains\IntelliJ IDEA Community Edition 2024.1.2\bin -Dfile.encoding=UTF-8 com.example.nexa.NexaApplication

Host: 11th Gen Intel(R) Core(TM) i7-1165G7 @ 2.80GHz, 8 cores, 15G,  Windows 11 , 64 bit Build 22621 (10.0.22621.3672)
Time: Tue Jun 18 00:32:16 2024 Sri Lanka Standard Time elapsed time: 24.317577 seconds (0d 0h 0m 24s)

---------------  T H R E A D  ---------------

Current thread (0x00000177ea62d160):  JavaThread "C2 CompilerThread0" daemon [_thread_in_native, id=4736, stack(0x000000608a100000,0x000000608a200000)]


Current CompileTask:
C2:  24317 5761       4       sun.security.ec.ECOperations::setDouble (559 bytes)

Stack: [0x000000608a100000,0x000000608a200000]
Native frames: (J=compiled Java code, j=interpreted, Vv=VM code, C=native code)
V  [jvm.dll+0x677a5a]
V  [jvm.dll+0x7d8b2d]
V  [jvm.dll+0x7da48e]
V  [jvm.dll+0x7daaf3]
V  [jvm.dll+0x2455ff]
V  [jvm.dll+0xaaafb]
V  [jvm.dll+0xab09c]
V  [jvm.dll+0x2aafef]
V  [jvm.dll+0x57fd55]
V  [jvm.dll+0x220472]
V  [jvm.dll+0x21954d]
V  [jvm.dll+0x216c79]
V  [jvm.dll+0x1a3410]
V  [jvm.dll+0x226aeb]
V  [jvm.dll+0x224cab]
V  [jvm.dll+0x78e45c]
V  [jvm.dll+0x78888a]
V  [jvm.dll+0x676935]
C  [ucrtbase.dll+0x29333]
C  [KERNEL32.DLL+0x1257d]
C  [ntdll.dll+0x5aa48]


---------------  P R O C E S S  ---------------

Threads class SMR info:
_java_thread_list=0x00000177f0be3da0, length=21, elements={
0x00000177ea613610, 0x00000177ea6163f0, 0x00000177ea629a00, 0x00000177ea62a2d0,
0x00000177ea62b3c0, 0x00000177ea62bc90, 0x00000177ea62d160, 0x00000177ea738090,
0x00000177ea73c0b0, 0x00000177ea835330, 0x00000177ef11ca00, 0x00000177eaa90f20,
0x00000177f17eb480, 0x00000177f24eafa0, 0x00000177f1f76810, 0x00000177f12f5260,
0x00000177f12f4330, 0x00000177f12f2ef0, 0x00000177f12f4d50, 0x00000177f12f6190,
0x00000177f12f5c80
}

Java Threads: ( => current thread )
  0x00000177ea613610 JavaThread "Reference Handler" daemon [_thread_blocked, id=11472, stack(0x0000006089b00000,0x0000006089c00000)]
  0x00000177ea6163f0 JavaThread "Finalizer" daemon [_thread_blocked, id=4536, stack(0x0000006089c00000,0x0000006089d00000)]
  0x00000177ea629a00 JavaThread "Signal Dispatcher" daemon [_thread_blocked, id=15556, stack(0x0000006089d00000,0x0000006089e00000)]
  0x00000177ea62a2d0 JavaThread "Attach Listener" daemon [_thread_blocked, id=14696, stack(0x0000006089e00000,0x0000006089f00000)]
  0x00000177ea62b3c0 JavaThread "Service Thread" daemon [_thread_blocked, id=5056, stack(0x0000006089f00000,0x000000608a000000)]
  0x00000177ea62bc90 JavaThread "Monitor Deflation Thread" daemon [_thread_blocked, id=3036, stack(0x000000608a000000,0x000000608a100000)]
=>0x00000177ea62d160 JavaThread "C2 CompilerThread0" daemon [_thread_in_native, id=4736, stack(0x000000608a100000,0x000000608a200000)]
  0x00000177ea738090 JavaThread "C1 CompilerThread0" daemon [_thread_blocked, id=8508, stack(0x000000608a200000,0x000000608a300000)]
  0x00000177ea73c0b0 JavaThread "Sweeper thread" daemon [_thread_blocked, id=15772, stack(0x000000608a300000,0x000000608a400000)]
  0x00000177ea835330 JavaThread "Common-Cleaner" daemon [_thread_blocked, id=17308, stack(0x000000608a400000,0x000000608a500000)]
  0x00000177ef11ca00 JavaThread "Monitor Ctrl-Break" daemon [_thread_in_native, id=16748, stack(0x000000608a600000,0x000000608a700000)]
  0x00000177eaa90f20 JavaThread "Notification Thread" daemon [_thread_blocked, id=16760, stack(0x000000608a700000,0x000000608a800000)]
  0x00000177f17eb480 JavaThread "Catalina-utility-1" [_thread_blocked, id=16572, stack(0x000000608b300000,0x000000608b400000)]
  0x00000177f24eafa0 JavaThread "Catalina-utility-2" [_thread_blocked, id=2348, stack(0x000000608b400000,0x000000608b500000)]
  0x00000177f1f76810 JavaThread "container-0" [_thread_blocked, id=14344, stack(0x000000608b500000,0x000000608b600000)]
  0x00000177f12f5260 JavaThread "mysql-cj-abandoned-connection-cleanup" daemon [_thread_blocked, id=16668, stack(0x000000608b600000,0x000000608b700000)]
  0x00000177f12f4330 JavaThread "HikariPool-1 housekeeper" daemon [_thread_blocked, id=16768, stack(0x000000608a500000,0x000000608a600000)]
  0x00000177f12f2ef0 JavaThread "HikariPool-1 connection adder" daemon [_thread_in_native, id=16800, stack(0x000000608b200000,0x000000608b300000)]
  0x00000177f12f4d50 JavaThread "http-nio-8080-Poller" daemon [_thread_in_native, id=1868, stack(0x000000608ba00000,0x000000608bb00000)]
  0x00000177f12f6190 JavaThread "http-nio-8080-Acceptor" daemon [_thread_in_native, id=3756, stack(0x000000608bb00000,0x000000608bc00000)]
  0x00000177f12f5c80 JavaThread "DestroyJavaVM" [_thread_blocked, id=17336, stack(0x0000006089400000,0x0000006089500000)]

Other Threads:
  0x00000177ea60bc20 VMThread "VM Thread" [stack: 0x0000006089a00000,0x0000006089b00000] [id=15524]
  0x00000177c5b5a880 WatcherThread [stack: 0x000000608a800000,0x000000608a900000] [id=16828]
  0x00000177c5b3b7f0 GCTaskThread "GC Thread#0" [stack: 0x0000006089500000,0x0000006089600000] [id=17400]
  0x00000177ef8214b0 GCTaskThread "GC Thread#1" [stack: 0x000000608a900000,0x000000608aa00000] [id=16700]
  0x00000177ef821770 GCTaskThread "GC Thread#2" [stack: 0x000000608aa00000,0x000000608ab00000] [id=16820]
  0x00000177ef652060 GCTaskThread "GC Thread#3" [stack: 0x000000608ab00000,0x000000608ac00000] [id=17260]
  0x00000177ef652320 GCTaskThread "GC Thread#4" [stack: 0x000000608ac00000,0x000000608ad00000] [id=3724]
  0x00000177ef6525e0 GCTaskThread "GC Thread#5" [stack: 0x000000608ad00000,0x000000608ae00000] [id=12532]
  0x00000177ef84a2f0 GCTaskThread "GC Thread#6" [stack: 0x000000608ae00000,0x000000608af00000] [id=9524]
  0x00000177efc6bd10 GCTaskThread "GC Thread#7" [stack: 0x000000608b100000,0x000000608b200000] [id=17256]
  0x00000177c5b4c390 ConcurrentGCThread "G1 Main Marker" [stack: 0x0000006089600000,0x0000006089700000] [id=16600]
  0x00000177c5b4cca0 ConcurrentGCThread "G1 Conc#0" [stack: 0x0000006089700000,0x0000006089800000] [id=16580]
  0x00000177f2915eb0 ConcurrentGCThread "G1 Conc#1" [stack: 0x000000608b000000,0x000000608b100000] [id=16908]
  0x00000177ea4c9520 ConcurrentGCThread "G1 Refine#0" [stack: 0x0000006089800000,0x0000006089900000] [id=16584]
  0x00000177ef5f3d30 ConcurrentGCThread "G1 Refine#1" [stack: 0x000000608af00000,0x000000608b000000] [id=16576]
  0x00000177ea4cad00 ConcurrentGCThread "G1 Service" [stack: 0x0000006089900000,0x0000006089a00000] [id=16672]

Threads with active compile tasks:
C2 CompilerThread0    24336 5761       4       sun.security.ec.ECOperations::setDouble (559 bytes)

VM state: not at safepoint (normal execution)

VM Mutex/Monitor currently owned by a thread: None

Heap address: 0x0000000704c00000, size: 4020 MB, Compressed Oops mode: Zero based, Oop shift amount: 3

CDS archive(s) mapped at: [0x0000017780000000-0x0000017780bd0000-0x0000017780bd0000), size 12386304, SharedBaseAddress: 0x0000017780000000, ArchiveRelocationMode: 1.
Compressed class space mapped at: 0x0000017781000000-0x00000177c1000000, reserved size: 1073741824
Narrow klass base: 0x0000017780000000, Narrow klass shift: 0, Narrow klass range: 0x100000000

GC Precious Log:
 CPUs: 8 total, 8 available
 Memory: 16073M
 Large Page Support: Disabled
 NUMA Support: Disabled
 Compressed Oops: Enabled (Zero based)
 Heap Region Size: 2M
 Heap Min Capacity: 8M
 Heap Initial Capacity: 252M
 Heap Max Capacity: 4020M
 Pre-touch: Disabled
 Parallel Workers: 8
 Concurrent Workers: 2
 Concurrent Refinement Workers: 8
 Periodic GC: Disabled

Heap:
 garbage-first heap   total 157696K, used 31356K [0x0000000704c00000, 0x0000000800000000)
  region size 2048K, 9 young (18432K), 5 survivors (10240K)
 Metaspace       used 56167K, committed 56512K, reserved 1114112K
  class space    used 7503K, committed 7680K, reserved 1048576K

Heap Regions: E=young(eden), S=young(survivor), O=old, HS=humongous(starts), HC=humongous(continues), CS=collection set, F=free, OA=open archive, CA=closed archive, TAMS=top-at-mark-start (previous, next)
|   0|0x0000000704c00000, 0x0000000704e00000, 0x0000000704e00000|100%| O|  |TAMS 0x0000000704e00000, 0x0000000704c00000| Untracked 
|   1|0x0000000704e00000, 0x0000000705000000, 0x0000000705000000|100%| O|  |TAMS 0x0000000705000000, 0x0000000704e00000| Untracked 
|   2|0x0000000705000000, 0x0000000705200000, 0x0000000705200000|100%| O|  |TAMS 0x0000000705200000, 0x0000000705000000| Untracked 
|   3|0x0000000705200000, 0x0000000705200000, 0x0000000705400000|  0%| F|  |TAMS 0x0000000705200000, 0x0000000705200000| Untracked 
|   4|0x0000000705400000, 0x0000000705600000, 0x0000000705600000|100%| O|  |TAMS 0x0000000705600000, 0x0000000705400000| Untracked 
|   5|0x0000000705600000, 0x0000000705800000, 0x0000000705800000|100%| O|  |TAMS 0x0000000705800000, 0x0000000705600000| Untracked 
|   6|0x0000000705800000, 0x0000000705a00000, 0x0000000705a00000|100%| O|  |TAMS 0x0000000705a00000, 0x0000000705800000| Untracked 
|   7|0x0000000705a00000, 0x0000000705c00000, 0x0000000705c00000|100%| O|  |TAMS 0x0000000705c00000, 0x0000000705a00000| Untracked 
|   8|0x0000000705c00000, 0x0000000705dd3400, 0x0000000705e00000| 91%| O|  |TAMS 0x0000000705cca600, 0x0000000705c00000| Untracked 
|   9|0x0000000705e00000, 0x0000000705e00000, 0x0000000706000000|  0%| F|  |TAMS 0x0000000705e00000, 0x0000000705e00000| Untracked 
|  10|0x0000000706000000, 0x0000000706000000, 0x0000000706200000|  0%| F|  |TAMS 0x0000000706000000, 0x0000000706000000| Untracked 
|  11|0x0000000706200000, 0x0000000706200000, 0x0000000706400000|  0%| F|  |TAMS 0x0000000706200000, 0x0000000706200000| Untracked 
|  12|0x0000000706400000, 0x0000000706400000, 0x0000000706600000|  0%| F|  |TAMS 0x0000000706400000, 0x0000000706400000| Untracked 
|  13|0x0000000706600000, 0x0000000706600000, 0x0000000706800000|  0%| F|  |TAMS 0x0000000706600000, 0x0000000706600000| Untracked 
|  14|0x0000000706800000, 0x0000000706800000, 0x0000000706a00000|  0%| F|  |TAMS 0x0000000706800000, 0x0000000706800000| Untracked 
|  15|0x0000000706a00000, 0x0000000706a00000, 0x0000000706c00000|  0%| F|  |TAMS 0x0000000706a00000, 0x0000000706a00000| Untracked 
|  16|0x0000000706c00000, 0x0000000706c00000, 0x0000000706e00000|  0%| F|  |TAMS 0x0000000706c00000, 0x0000000706c00000| Untracked 
|  17|0x0000000706e00000, 0x0000000706e00000, 0x0000000707000000|  0%| F|  |TAMS 0x0000000706e00000, 0x0000000706e00000| Untracked 
|  18|0x0000000707000000, 0x0000000707000000, 0x0000000707200000|  0%| F|  |TAMS 0x0000000707000000, 0x0000000707000000| Untracked 
|  19|0x0000000707200000, 0x0000000707200000, 0x0000000707400000|  0%| F|  |TAMS 0x0000000707200000, 0x0000000707200000| Untracked 
|  20|0x0000000707400000, 0x0000000707400000, 0x0000000707600000|  0%| F|  |TAMS 0x0000000707400000, 0x0000000707400000| Untracked 
|  21|0x0000000707600000, 0x0000000707600000, 0x0000000707800000|  0%| F|  |TAMS 0x0000000707600000, 0x0000000707600000| Untracked 
|  22|0x0000000707800000, 0x0000000707800000, 0x0000000707a00000|  0%| F|  |TAMS 0x0000000707800000, 0x0000000707800000| Untracked 
|  23|0x0000000707a00000, 0x0000000707a00000, 0x0000000707c00000|  0%| F|  |TAMS 0x0000000707a00000, 0x0000000707a00000| Untracked 
|  24|0x0000000707c00000, 0x0000000707c00000, 0x0000000707e00000|  0%| F|  |TAMS 0x0000000707c00000, 0x0000000707c00000| Untracked 
|  25|0x0000000707e00000, 0x0000000707e00000, 0x0000000708000000|  0%| F|  |TAMS 0x0000000707e00000, 0x0000000707e00000| Untracked 
|  26|0x0000000708000000, 0x0000000708000000, 0x0000000708200000|  0%| F|  |TAMS 0x0000000708000000, 0x0000000708000000| Untracked 
|  27|0x0000000708200000, 0x0000000708200000, 0x0000000708400000|  0%| F|  |TAMS 0x0000000708200000, 0x0000000708200000| Untracked 
|  28|0x0000000708400000, 0x0000000708400000, 0x0000000708600000|  0%| F|  |TAMS 0x0000000708400000, 0x0000000708400000| Untracked 
|  29|0x0000000708600000, 0x00000007086cbc30, 0x0000000708800000| 39%| S|CS|TAMS 0x0000000708600000, 0x0000000708600000| Complete 
|  30|0x0000000708800000, 0x0000000708a00000, 0x0000000708a00000|100%| S|CS|TAMS 0x0000000708800000, 0x0000000708800000| Complete 
|  31|0x0000000708a00000, 0x0000000708c00000, 0x0000000708c00000|100%| S|CS|TAMS 0x0000000708a00000, 0x0000000708a00000| Complete 
|  32|0x0000000708c00000, 0x0000000708e00000, 0x0000000708e00000|100%| S|CS|TAMS 0x0000000708c00000, 0x0000000708c00000| Complete 
|  33|0x0000000708e00000, 0x0000000709000000, 0x0000000709000000|100%| S|CS|TAMS 0x0000000708e00000, 0x0000000708e00000| Complete 
|  34|0x0000000709000000, 0x0000000709000000, 0x0000000709200000|  0%| F|  |TAMS 0x0000000709000000, 0x0000000709000000| Untracked 
|  35|0x0000000709200000, 0x0000000709200000, 0x0000000709400000|  0%| F|  |TAMS 0x0000000709200000, 0x0000000709200000| Untracked 
|  36|0x0000000709400000, 0x0000000709400000, 0x0000000709600000|  0%| F|  |TAMS 0x0000000709400000, 0x0000000709400000| Untracked 
|  37|0x0000000709600000, 0x0000000709600000, 0x0000000709800000|  0%| F|  |TAMS 0x0000000709600000, 0x0000000709600000| Untracked 
|  38|0x0000000709800000, 0x0000000709800000, 0x0000000709a00000|  0%| F|  |TAMS 0x0000000709800000, 0x0000000709800000| Untracked 
|  39|0x0000000709a00000, 0x0000000709a00000, 0x0000000709c00000|  0%| F|  |TAMS 0x0000000709a00000, 0x0000000709a00000| Untracked 
|  40|0x0000000709c00000, 0x0000000709c00000, 0x0000000709e00000|  0%| F|  |TAMS 0x0000000709c00000, 0x0000000709c00000| Untracked 
|  41|0x0000000709e00000, 0x0000000709e00000, 0x000000070a000000|  0%| F|  |TAMS 0x0000000709e00000, 0x0000000709e00000| Untracked 
|  42|0x000000070a000000, 0x000000070a000000, 0x000000070a200000|  0%| F|  |TAMS 0x000000070a000000, 0x000000070a000000| Untracked 
|  43|0x000000070a200000, 0x000000070a200000, 0x000000070a400000|  0%| F|  |TAMS 0x000000070a200000, 0x000000070a200000| Untracked 
|  44|0x000000070a400000, 0x000000070a400000, 0x000000070a600000|  0%| F|  |TAMS 0x000000070a400000, 0x000000070a400000| Untracked 
|  45|0x000000070a600000, 0x000000070a600000, 0x000000070a800000|  0%| F|  |TAMS 0x000000070a600000, 0x000000070a600000| Untracked 
|  46|0x000000070a800000, 0x000000070a800000, 0x000000070aa00000|  0%| F|  |TAMS 0x000000070a800000, 0x000000070a800000| Untracked 
|  47|0x000000070aa00000, 0x000000070aa00000, 0x000000070ac00000|  0%| F|  |TAMS 0x000000070aa00000, 0x000000070aa00000| Untracked 
|  48|0x000000070ac00000, 0x000000070ac00000, 0x000000070ae00000|  0%| F|  |TAMS 0x000000070ac00000, 0x000000070ac00000| Untracked 
|  49|0x000000070ae00000, 0x000000070ae00000, 0x000000070b000000|  0%| F|  |TAMS 0x000000070ae00000, 0x000000070ae00000| Untracked 
|  50|0x000000070b000000, 0x000000070b000000, 0x000000070b200000|  0%| F|  |TAMS 0x000000070b000000, 0x000000070b000000| Untracked 
|  51|0x000000070b200000, 0x000000070b200000, 0x000000070b400000|  0%| F|  |TAMS 0x000000070b200000, 0x000000070b200000| Untracked 
|  52|0x000000070b400000, 0x000000070b400000, 0x000000070b600000|  0%| F|  |TAMS 0x000000070b400000, 0x000000070b400000| Untracked 
|  53|0x000000070b600000, 0x000000070b600000, 0x000000070b800000|  0%| F|  |TAMS 0x000000070b600000, 0x000000070b600000| Untracked 
|  54|0x000000070b800000, 0x000000070b800000, 0x000000070ba00000|  0%| F|  |TAMS 0x000000070b800000, 0x000000070b800000| Untracked 
|  55|0x000000070ba00000, 0x000000070ba00000, 0x000000070bc00000|  0%| F|  |TAMS 0x000000070ba00000, 0x000000070ba00000| Untracked 
|  56|0x000000070bc00000, 0x000000070bc00000, 0x000000070be00000|  0%| F|  |TAMS 0x000000070bc00000, 0x000000070bc00000| Untracked 
|  57|0x000000070be00000, 0x000000070be00000, 0x000000070c000000|  0%| F|  |TAMS 0x000000070be00000, 0x000000070be00000| Untracked 
|  58|0x000000070c000000, 0x000000070c000000, 0x000000070c200000|  0%| F|  |TAMS 0x000000070c000000, 0x000000070c000000| Untracked 
|  59|0x000000070c200000, 0x000000070c200000, 0x000000070c400000|  0%| F|  |TAMS 0x000000070c200000, 0x000000070c200000| Untracked 
|  60|0x000000070c400000, 0x000000070c400000, 0x000000070c600000|  0%| F|  |TAMS 0x000000070c400000, 0x000000070c400000| Untracked 
|  61|0x000000070c600000, 0x000000070c600000, 0x000000070c800000|  0%| F|  |TAMS 0x000000070c600000, 0x000000070c600000| Untracked 
|  62|0x000000070c800000, 0x000000070c800000, 0x000000070ca00000|  0%| F|  |TAMS 0x000000070c800000, 0x000000070c800000| Untracked 
|  63|0x000000070ca00000, 0x000000070ca00000, 0x000000070cc00000|  0%| F|  |TAMS 0x000000070ca00000, 0x000000070ca00000| Untracked 
|  64|0x000000070cc00000, 0x000000070cc00000, 0x000000070ce00000|  0%| F|  |TAMS 0x000000070cc00000, 0x000000070cc00000| Untracked 
|  65|0x000000070ce00000, 0x000000070ce00000, 0x000000070d000000|  0%| F|  |TAMS 0x000000070ce00000, 0x000000070ce00000| Untracked 
|  66|0x000000070d000000, 0x000000070d000000, 0x000000070d200000|  0%| F|  |TAMS 0x000000070d000000, 0x000000070d000000| Untracked 
|  67|0x000000070d200000, 0x000000070d200000, 0x000000070d400000|  0%| F|  |TAMS 0x000000070d200000, 0x000000070d200000| Untracked 
|  68|0x000000070d400000, 0x000000070d400000, 0x000000070d600000|  0%| F|  |TAMS 0x000000070d400000, 0x000000070d400000| Untracked 
|  69|0x000000070d600000, 0x000000070d600000, 0x000000070d800000|  0%| F|  |TAMS 0x000000070d600000, 0x000000070d600000| Untracked 
|  70|0x000000070d800000, 0x000000070d800000, 0x000000070da00000|  0%| F|  |TAMS 0x000000070d800000, 0x000000070d800000| Untracked 
|  71|0x000000070da00000, 0x000000070da00000, 0x000000070dc00000|  0%| F|  |TAMS 0x000000070da00000, 0x000000070da00000| Untracked 
|  72|0x000000070dc00000, 0x000000070dc00000, 0x000000070de00000|  0%| F|  |TAMS 0x000000070dc00000, 0x000000070dc00000| Untracked 
|  95|0x0000000710a00000, 0x0000000710b15088, 0x0000000710c00000| 54%| E|  |TAMS 0x0000000710a00000, 0x0000000710a00000| Complete 
|  96|0x0000000710c00000, 0x0000000710e00000, 0x0000000710e00000|100%| E|CS|TAMS 0x0000000710c00000, 0x0000000710c00000| Complete 
|  97|0x0000000710e00000, 0x0000000711000000, 0x0000000711000000|100%| E|CS|TAMS 0x0000000710e00000, 0x0000000710e00000| Complete 
| 125|0x0000000714600000, 0x0000000714800000, 0x0000000714800000|100%| E|CS|TAMS 0x0000000714600000, 0x0000000714600000| Complete 

Card table byte_map: [0x00000177dedc0000,0x00000177df5a0000] _byte_map_base: 0x00000177db59a000

Marking Bits (Prev, Next): (CMBitMap*) 0x00000177c5b3bd10, (CMBitMap*) 0x00000177c5b3bd50
 Prev Bits: [0x00000177dfd80000, 0x00000177e3c50000)
 Next Bits: [0x00000177e3c50000, 0x00000177e7b20000)

Polling page: 0x00000177c5b90000

Metaspace:

Usage:
  Non-class:     47.52 MB used.
      Class:      7.33 MB used.
       Both:     54.85 MB used.

Virtual space:
  Non-class space:       64.00 MB reserved,      47.69 MB ( 75%) committed,  1 nodes.
      Class space:        1.00 GB reserved,       7.50 MB ( <1%) committed,  1 nodes.
             Both:        1.06 GB reserved,      55.19 MB (  5%) committed. 

Chunk freelists:
   Non-Class:  15.94 MB
       Class:  8.38 MB
        Both:  24.32 MB

MaxMetaspaceSize: unlimited
CompressedClassSpaceSize: 1.00 GB
Initial GC threshold: 21.00 MB
Current GC threshold: 59.00 MB
CDS: on
MetaspaceReclaimPolicy: balanced
 - commit_granule_bytes: 65536.
 - commit_granule_words: 8192.
 - virtual_space_node_default_size: 8388608.
 - enlarge_chunks_in_place: 1.
 - new_chunks_are_fully_committed: 0.
 - uncommit_free_chunks: 1.
 - use_allocation_guard: 0.
 - handle_deallocations: 1.


Internal statistics:

num_allocs_failed_limit: 6.
num_arena_births: 476.
num_arena_deaths: 0.
num_vsnodes_births: 2.
num_vsnodes_deaths: 0.
num_space_committed: 883.
num_space_uncommitted: 0.
num_chunks_returned_to_freelist: 6.
num_chunks_taken_from_freelist: 2403.
num_chunk_merges: 3.
num_chunk_splits: 1695.
num_chunks_enlarged: 1342.
num_inconsistent_stats: 0.

CodeHeap 'non-profiled nmethods': size=120000Kb used=3567Kb max_used=3567Kb free=116432Kb
 bounds [0x00000177d6650000, 0x00000177d69e0000, 0x00000177ddb80000]
CodeHeap 'profiled nmethods': size=120000Kb used=10045Kb max_used=10154Kb free=109954Kb
 bounds [0x00000177ceb80000, 0x00000177cf570000, 0x00000177d60b0000]
CodeHeap 'non-nmethods': size=5760Kb used=1335Kb max_used=1423Kb free=4424Kb
 bounds [0x00000177d60b0000, 0x00000177d6320000, 0x00000177d6650000]
 total_blobs=5652 nmethods=5009 adapters=552
 compilation: enabled
              stopped_count=0, restarted_count=0
 full_count=0

Compilation events (20 events):
Event: 24.293 Thread 0x00000177ea738090 5765       3       sun.security.jca.ProviderList$ServiceList::addService (60 bytes)
Event: 24.294 Thread 0x00000177ea738090 nmethod 5765 0x00000177cf319590 code [0x00000177cf3197a0, 0x00000177cf319fe8]
Event: 24.294 Thread 0x00000177ea738090 5764       3       java.security.MessageDigest$Delegate::engineGetDigestLength (8 bytes)
Event: 24.294 Thread 0x00000177ea738090 nmethod 5764 0x00000177cf319110 code [0x00000177cf3192c0, 0x00000177cf3194a8]
Event: 24.294 Thread 0x00000177ea738090 5766       3       java.security.spec.ECFieldFp::getFieldSize (8 bytes)
Event: 24.294 Thread 0x00000177ea738090 nmethod 5766 0x00000177cf318d10 code [0x00000177cf318ec0, 0x00000177cf319028]
Event: 24.294 Thread 0x00000177ea738090 5767       3       com.sun.crypto.provider.GaloisCounterMode$GCMEngine::doLastBlock (247 bytes)
Event: 24.295 Thread 0x00000177ea738090 nmethod 5767 0x00000177cec38c90 code [0x00000177cec38f00, 0x00000177cec39eb8]
Event: 24.295 Thread 0x00000177ea738090 5768       3       javax.crypto.Mac::getMacLength (12 bytes)
Event: 24.295 Thread 0x00000177ea738090 nmethod 5768 0x00000177cec37d10 code [0x00000177cec37f20, 0x00000177cec388d8]
Event: 24.295 Thread 0x00000177ea738090 5770       3       javax.crypto.JceSecurity$IdentityWrapper::hashCode (8 bytes)
Event: 24.295 Thread 0x00000177ea738090 nmethod 5770 0x00000177cf318990 code [0x00000177cf318b20, 0x00000177cf318c68]
Event: 24.295 Thread 0x00000177ea738090 5771       3       javax.crypto.JceSecurity$IdentityWrapper::equals (36 bytes)
Event: 24.295 Thread 0x00000177ea738090 nmethod 5771 0x00000177cec37610 code [0x00000177cec377c0, 0x00000177cec37bf8]
Event: 24.295 Thread 0x00000177ea738090 5769       3       com.sun.crypto.provider.HmacCore::engineGetMacLength (8 bytes)
Event: 24.296 Thread 0x00000177ea738090 nmethod 5769 0x00000177cec36890 code [0x00000177cec36aa0, 0x00000177cec37308]
Event: 24.296 Thread 0x00000177ea738090 5773       3       sun.security.ssl.Record::putInt8 (17 bytes)
Event: 24.296 Thread 0x00000177ea738090 nmethod 5773 0x00000177cec36110 code [0x00000177cec362e0, 0x00000177cec366d8]
Event: 24.296 Thread 0x00000177ea738090 5772       1       sun.security.ssl.SSLCipher$SSLWriteCipher::isNullCipher (2 bytes)
Event: 24.296 Thread 0x00000177ea738090 nmethod 5772 0x00000177d66a2090 code [0x00000177d66a2220, 0x00000177d66a22f8]

GC Heap History (18 events):
Event: 0.678 GC heap before
{Heap before GC invocations=0 (full 0):
 garbage-first heap   total 258048K, used 20480K [0x0000000704c00000, 0x0000000800000000)
  region size 2048K, 11 young (22528K), 0 survivors (0K)
 Metaspace       used 5989K, committed 6208K, reserved 1114112K
  class space    used 706K, committed 832K, reserved 1048576K
}
Event: 0.682 GC heap after
{Heap after GC invocations=1 (full 0):
 garbage-first heap   total 258048K, used 7185K [0x0000000704c00000, 0x0000000800000000)
  region size 2048K, 2 young (4096K), 2 survivors (4096K)
 Metaspace       used 5989K, committed 6208K, reserved 1114112K
  class space    used 706K, committed 832K, reserved 1048576K
}
Event: 1.092 GC heap before
{Heap before GC invocations=1 (full 0):
 garbage-first heap   total 258048K, used 27665K [0x0000000704c00000, 0x0000000800000000)
  region size 2048K, 13 young (26624K), 2 survivors (4096K)
 Metaspace       used 12258K, committed 12416K, reserved 1114112K
  class space    used 1490K, committed 1536K, reserved 1048576K
}
Event: 1.097 GC heap after
{Heap after GC invocations=2 (full 0):
 garbage-first heap   total 258048K, used 8541K [0x0000000704c00000, 0x0000000800000000)
  region size 2048K, 1 young (2048K), 1 survivors (2048K)
 Metaspace       used 12258K, committed 12416K, reserved 1114112K
  class space    used 1490K, committed 1536K, reserved 1048576K
}
Event: 2.150 GC heap before
{Heap before GC invocations=2 (full 0):
 garbage-first heap   total 258048K, used 61789K [0x0000000704c00000, 0x0000000800000000)
  region size 2048K, 28 young (57344K), 1 survivors (2048K)
 Metaspace       used 21230K, committed 21504K, reserved 1114112K
  class space    used 2639K, committed 2816K, reserved 1048576K
}
Event: 2.155 GC heap after
{Heap after GC invocations=3 (full 0):
 garbage-first heap   total 258048K, used 12773K [0x0000000704c00000, 0x0000000800000000)
  region size 2048K, 3 young (6144K), 3 survivors (6144K)
 Metaspace       used 21230K, committed 21504K, reserved 1114112K
  class space    used 2639K, committed 2816K, reserved 1048576K
}
Event: 2.606 GC heap before
{Heap before GC invocations=4 (full 0):
 garbage-first heap   total 55296K, used 39397K [0x0000000704c00000, 0x0000000800000000)
  region size 2048K, 16 young (32768K), 3 survivors (6144K)
 Metaspace       used 26443K, committed 26752K, reserved 1114112K
  class space    used 3323K, committed 3456K, reserved 1048576K
}
Event: 2.610 GC heap after
{Heap after GC invocations=5 (full 0):
 garbage-first heap   total 55296K, used 15371K [0x0000000704c00000, 0x0000000800000000)
  region size 2048K, 2 young (4096K), 2 survivors (4096K)
 Metaspace       used 26443K, committed 26752K, reserved 1114112K
  class space    used 3323K, committed 3456K, reserved 1048576K
}
Event: 2.632 GC heap before
{Heap before GC invocations=5 (full 0):
 garbage-first heap   total 55296K, used 17419K [0x0000000704c00000, 0x0000000800000000)
  region size 2048K, 3 young (6144K), 2 survivors (4096K)
 Metaspace       used 26528K, committed 26880K, reserved 1114112K
  class space    used 3339K, committed 3520K, reserved 1048576K
}
Event: 2.634 GC heap after
{Heap after GC invocations=6 (full 0):
 garbage-first heap   total 55296K, used 15717K [0x0000000704c00000, 0x0000000800000000)
  region size 2048K, 1 young (2048K), 1 survivors (2048K)
 Metaspace       used 26528K, committed 26880K, reserved 1114112K
  class space    used 3339K, committed 3520K, reserved 1048576K
}
Event: 3.030 GC heap before
{Heap before GC invocations=6 (full 0):
 garbage-first heap   total 55296K, used 32101K [0x0000000704c00000, 0x0000000800000000)
  region size 2048K, 10 young (20480K), 1 survivors (2048K)
 Metaspace       used 31874K, committed 32192K, reserved 1114112K
  class space    used 4216K, committed 4352K, reserved 1048576K
}
Event: 3.032 GC heap after
{Heap after GC invocations=7 (full 0):
 garbage-first heap   total 55296K, used 16236K [0x0000000704c00000, 0x0000000800000000)
  region size 2048K, 1 young (2048K), 1 survivors (2048K)
 Metaspace       used 31874K, committed 32192K, reserved 1114112K
  class space    used 4216K, committed 4352K, reserved 1048576K
}
Event: 3.913 GC heap before
{Heap before GC invocations=7 (full 0):
 garbage-first heap   total 55296K, used 24428K [0x0000000704c00000, 0x0000000800000000)
  region size 2048K, 6 young (12288K), 1 survivors (2048K)
 Metaspace       used 35664K, committed 35968K, reserved 1114112K
  class space    used 4636K, committed 4800K, reserved 1048576K
}
Event: 3.916 GC heap after
{Heap after GC invocations=8 (full 0):
 garbage-first heap   total 55296K, used 17971K [0x0000000704c00000, 0x0000000800000000)
  region size 2048K, 2 young (4096K), 2 survivors (4096K)
 Metaspace       used 35664K, committed 35968K, reserved 1114112K
  class space    used 4636K, committed 4800K, reserved 1048576K
}
Event: 8.178 GC heap before
{Heap before GC invocations=9 (full 0):
 garbage-first heap   total 55296K, used 36403K [0x0000000704c00000, 0x0000000800000000)
  region size 2048K, 11 young (22528K), 2 survivors (4096K)
 Metaspace       used 43201K, committed 43520K, reserved 1114112K
  class space    used 5682K, committed 5824K, reserved 1048576K
}
Event: 8.181 GC heap after
{Heap after GC invocations=10 (full 0):
 garbage-first heap   total 157696K, used 19366K [0x0000000704c00000, 0x0000000800000000)
  region size 2048K, 2 young (4096K), 2 survivors (4096K)
 Metaspace       used 43201K, committed 43520K, reserved 1114112K
  class space    used 5682K, committed 5824K, reserved 1048576K
}
Event: 11.462 GC heap before
{Heap before GC invocations=10 (full 0):
 garbage-first heap   total 157696K, used 107430K [0x0000000704c00000, 0x0000000800000000)
  region size 2048K, 45 young (92160K), 2 survivors (4096K)
 Metaspace       used 55525K, committed 55872K, reserved 1114112K
  class space    used 7437K, committed 7616K, reserved 1048576K
}
Event: 11.469 GC heap after
{Heap after GC invocations=11 (full 0):
 garbage-first heap   total 157696K, used 25212K [0x0000000704c00000, 0x0000000800000000)
  region size 2048K, 5 young (10240K), 5 survivors (10240K)
 Metaspace       used 55525K, committed 55872K, reserved 1114112K
  class space    used 7437K, committed 7616K, reserved 1048576K
}

Deoptimization events (20 events):
Event: 11.487 Thread 0x00000177c5aca960 DEOPT PACKING pc=0x00000177d6969a10 sp=0x00000060894fe810
Event: 11.487 Thread 0x00000177c5aca960 DEOPT UNPACKING pc=0x00000177d6105ba3 sp=0x00000060894fe698 mode 2
Event: 11.487 Thread 0x00000177c5aca960 Uncommon trap: trap_request=0xffffffde fr.pc=0x00000177d6969a10 relative=0x0000000000004530
Event: 11.487 Thread 0x00000177c5aca960 Uncommon trap: reason=class_check action=maybe_recompile pc=0x00000177d6969a10 method=org.springframework.core.annotation.AnnotationsScanner.processClassInheritedAnnotations(Ljava/lang/Object;Ljava/lang/Class;Lorg/springframework/core/annotation/MergedAnn
Event: 11.487 Thread 0x00000177c5aca960 DEOPT PACKING pc=0x00000177d6969a10 sp=0x00000060894fe810
Event: 11.487 Thread 0x00000177c5aca960 DEOPT UNPACKING pc=0x00000177d6105ba3 sp=0x00000060894fe698 mode 2
Event: 11.487 Thread 0x00000177c5aca960 Uncommon trap: trap_request=0xffffffde fr.pc=0x00000177d6969a10 relative=0x0000000000004530
Event: 11.487 Thread 0x00000177c5aca960 Uncommon trap: reason=class_check action=maybe_recompile pc=0x00000177d6969a10 method=org.springframework.core.annotation.AnnotationsScanner.processClassInheritedAnnotations(Ljava/lang/Object;Ljava/lang/Class;Lorg/springframework/core/annotation/MergedAnn
Event: 11.487 Thread 0x00000177c5aca960 DEOPT PACKING pc=0x00000177d6969a10 sp=0x00000060894fe810
Event: 11.487 Thread 0x00000177c5aca960 DEOPT UNPACKING pc=0x00000177d6105ba3 sp=0x00000060894fe698 mode 2
Event: 11.522 Thread 0x00000177c5aca960 Uncommon trap: trap_request=0xffffff45 fr.pc=0x00000177d66d24e0 relative=0x0000000000000060
Event: 11.522 Thread 0x00000177c5aca960 Uncommon trap: reason=unstable_if action=reinterpret pc=0x00000177d66d24e0 method=org.springframework.util.ConcurrentReferenceHashMap$Segment.clear()V @ 7 c2
Event: 11.522 Thread 0x00000177c5aca960 DEOPT PACKING pc=0x00000177d66d24e0 sp=0x00000060894fe930
Event: 11.522 Thread 0x00000177c5aca960 DEOPT UNPACKING pc=0x00000177d6105ba3 sp=0x00000060894fe8c0 mode 2
Event: 17.902 Thread 0x00000177f12f2ef0 DEOPT PACKING pc=0x00000177cf3fc26d sp=0x000000608b2fdbc0
Event: 17.902 Thread 0x00000177f12f2ef0 DEOPT UNPACKING pc=0x00000177d61066e3 sp=0x000000608b2fd048 mode 0
Event: 17.904 Thread 0x00000177f12f2ef0 DEOPT PACKING pc=0x00000177cf3fc26d sp=0x000000608b2fdd60
Event: 17.904 Thread 0x00000177f12f2ef0 DEOPT UNPACKING pc=0x00000177d61066e3 sp=0x000000608b2fd1e8 mode 0
Event: 24.293 Thread 0x00000177f12f2ef0 DEOPT PACKING pc=0x00000177cf3ebdc3 sp=0x000000608b2fde60
Event: 24.293 Thread 0x00000177f12f2ef0 DEOPT UNPACKING pc=0x00000177d61066e3 sp=0x000000608b2fd2e8 mode 0

Classes unloaded (0 events):
No events

Classes redefined (0 events):
No events

Internal exceptions (20 events):
Event: 11.113 Thread 0x00000177c5aca960 Exception <a 'java/lang/reflect/InvocationTargetException'{0x000000070a7e2840}> (0x000000070a7e2840) 
thrown [s\open\src\hotspot\share\runtime\reflection.cpp, line 1121]
Event: 11.136 Thread 0x00000177c5aca960 Exception <a 'java/lang/ClassNotFoundException'{0x000000070a562790}: java/lang/ObjectCustomizer> (0x000000070a562790) 
thrown [s\open\src\hotspot\share\classfile\systemDictionary.cpp, line 256]
Event: 11.137 Thread 0x00000177c5aca960 Exception <a 'java/lang/ClassNotFoundException'{0x000000070a568fb8}: com/example/nexa/entity/UserPreferenceCustomizer> (0x000000070a568fb8) 
thrown [s\open\src\hotspot\share\classfile\systemDictionary.cpp, line 256]
Event: 11.178 Thread 0x00000177c5aca960 Exception <a 'java/lang/ClassNotFoundException'{0x0000000709e8f9c0}: java/lang/ObjectCustomizer> (0x0000000709e8f9c0) 
thrown [s\open\src\hotspot\share\classfile\systemDictionary.cpp, line 256]
Event: 11.178 Thread 0x00000177c5aca960 Exception <a 'java/lang/ClassNotFoundException'{0x0000000709e95fe0}: org/springframework/web/servlet/config/annotation/WebMvcConfigurationSupportCustomizer> (0x0000000709e95fe0) 
thrown [s\open\src\hotspot\share\classfile\systemDictionary.cpp, line 256]
Event: 11.179 Thread 0x00000177c5aca960 Exception <a 'java/lang/ClassNotFoundException'{0x0000000709ea8948}: org/springframework/web/servlet/config/annotation/DelegatingWebMvcConfigurationCustomizer> (0x0000000709ea8948) 
thrown [s\open\src\hotspot\share\classfile\systemDictionary.cpp, line 256]
Event: 11.179 Thread 0x00000177c5aca960 Exception <a 'java/lang/ClassNotFoundException'{0x0000000709eb0348}: org/springframework/boot/autoconfigure/web/servlet/WebMvcAutoConfiguration$EnableWebMvcConfigurationCustomizer> (0x0000000709eb0348) 
thrown [s\open\src\hotspot\share\classfile\systemDictionary.cpp, line 256]
Event: 11.180 Thread 0x00000177c5aca960 Exception <a 'java/lang/ClassNotFoundException'{0x0000000709ec2548}: org/springframework/context/ResourceLoaderAwareCustomizer> (0x0000000709ec2548) 
thrown [s\open\src\hotspot\share\classfile\systemDictionary.cpp, line 256]
Event: 11.180 Thread 0x00000177c5aca960 Exception <a 'java/lang/ClassNotFoundException'{0x0000000709ec6050}: org/springframework/beans/factory/AwareCustomizer> (0x0000000709ec6050) 
thrown [s\open\src\hotspot\share\classfile\systemDictionary.cpp, line 256]
Event: 11.180 Thread 0x00000177c5aca960 Exception <a 'java/lang/ClassNotFoundException'{0x0000000709ec8e88}: org/springframework/context/ApplicationContextAwareCustomizer> (0x0000000709ec8e88) 
thrown [s\open\src\hotspot\share\classfile\systemDictionary.cpp, line 256]
Event: 11.180 Thread 0x00000177c5aca960 Exception <a 'java/lang/ClassNotFoundException'{0x0000000709ecd480}: org/springframework/beans/factory/AwareCustomizer> (0x0000000709ecd480) 
thrown [s\open\src\hotspot\share\classfile\systemDictionary.cpp, line 256]
Event: 11.180 Thread 0x00000177c5aca960 Exception <a 'java/lang/ClassNotFoundException'{0x0000000709ed0290}: org/springframework/web/context/ServletContextAwareCustomizer> (0x0000000709ed0290) 
thrown [s\open\src\hotspot\share\classfile\systemDictionary.cpp, line 256]
Event: 11.180 Thread 0x00000177c5aca960 Exception <a 'java/lang/ClassNotFoundException'{0x0000000709ed41d0}: org/springframework/beans/factory/AwareCustomizer> (0x0000000709ed41d0) 
thrown [s\open\src\hotspot\share\classfile\systemDictionary.cpp, line 256]
Event: 11.276 Thread 0x00000177c5aca960 Exception <a 'java/lang/NoSuchMethodError'{0x00000007098e8c20}: 'void java.lang.invoke.DirectMethodHandle$Holder.invokeVirtual(java.lang.Object, java.lang.Object, int)'> (0x00000007098e8c20) 
thrown [s\open\src\hotspot\share\interpreter\linkResolver.cpp, line 759]
Event: 11.278 Thread 0x00000177c5aca960 Exception <a 'java/lang/NoSuchMethodError'{0x00000007099039d8}: 'void java.lang.invoke.DirectMethodHandle$Holder.invokeVirtual(java.lang.Object, java.lang.Object, long)'> (0x00000007099039d8) 
thrown [s\open\src\hotspot\share\interpreter\linkResolver.cpp, line 759]
Event: 11.379 Thread 0x00000177c5aca960 Exception <a 'java/lang/IncompatibleClassChangeError'{0x0000000709252ab0}: Found class java.lang.Object, but interface was expected> (0x0000000709252ab0) 
thrown [s\open\src\hotspot\share\interpreter\linkResolver.cpp, line 826]
Event: 11.495 Thread 0x00000177c5aca960 Exception <a 'java/lang/NoSuchMethodError'{0x00000007147df628}: 'java.lang.Object java.lang.invoke.DirectMethodHandle$Holder.invokeSpecial(java.lang.Object, java.lang.Object, int, java.lang.Object, int, java.lang.Object)'> (0x00000007147df628) 
thrown [s\open\src\hotspot\share\interpreter\linkResolver.cpp, line 759]
Event: 11.495 Thread 0x00000177c5aca960 Exception <a 'java/lang/NoSuchMethodError'{0x00000007147e7428}: 'java.lang.Object java.lang.invoke.DirectMethodHandle$Holder.newInvokeSpecial(java.lang.Object, java.lang.Object, int, java.lang.Object, int)'> (0x00000007147e7428) 
thrown [s\open\src\hotspot\share\interpreter\linkResolver.cpp, line 759]
Event: 11.496 Thread 0x00000177c5aca960 Exception <a 'java/lang/NoSuchMethodError'{0x00000007147eb528}: 'java.lang.Object java.lang.invoke.DirectMethodHandle$Holder.invokeSpecial(java.lang.Object, java.lang.Object, java.lang.Object, int, java.lang.Object, int)'> (0x00000007147eb528) 
thrown [s\open\src\hotspot\share\interpreter\linkResolver.cpp, line 759]
Event: 11.497 Thread 0x00000177c5aca960 Exception <a 'java/lang/NoSuchMethodError'{0x00000007147f4f78}: 'void java.lang.invoke.DirectMethodHandle$Holder.invokeVirtual(java.lang.Object, java.lang.Object)'> (0x00000007147f4f78) 
thrown [s\open\src\hotspot\share\interpreter\linkResolver.cpp, line 759]

VM Operations (20 events):
Event: 11.348 Executing VM operation: HandshakeAllThreads
Event: 11.348 Executing VM operation: HandshakeAllThreads done
Event: 11.348 Executing VM operation: HandshakeAllThreads
Event: 11.348 Executing VM operation: HandshakeAllThreads done
Event: 11.387 Executing VM operation: HandshakeAllThreads
Event: 11.387 Executing VM operation: HandshakeAllThreads done
Event: 11.462 Executing VM operation: G1CollectForAllocation
Event: 11.469 Executing VM operation: G1CollectForAllocation done
Event: 12.485 Executing VM operation: Cleanup
Event: 12.485 Executing VM operation: Cleanup done
Event: 15.526 Executing VM operation: Cleanup
Event: 15.526 Executing VM operation: Cleanup done
Event: 18.557 Executing VM operation: Cleanup
Event: 18.557 Executing VM operation: Cleanup done
Event: 20.586 Executing VM operation: Cleanup
Event: 20.586 Executing VM operation: Cleanup done
Event: 21.598 Executing VM operation: Cleanup
Event: 21.598 Executing VM operation: Cleanup done
Event: 23.614 Executing VM operation: Cleanup
Event: 23.614 Executing VM operation: Cleanup done

Events (20 events):
Event: 11.511 loading class java/nio/channels/Pipe$SourceChannel done
Event: 11.511 loading class sun/nio/ch/SourceChannelImpl done
Event: 11.511 loading class sun/nio/ch/SinkChannelImpl
Event: 11.511 loading class java/nio/channels/Pipe$SinkChannel
Event: 11.511 loading class java/nio/channels/Pipe$SinkChannel done
Event: 11.511 loading class sun/nio/ch/SinkChannelImpl done
Event: 11.512 Thread 0x00000177f12f4d50 Thread added: 0x00000177f12f4d50
Event: 11.512 loading class java/nio/channels/spi/AbstractSelector$1
Event: 11.512 loading class java/nio/channels/spi/AbstractSelector$1 done
Event: 11.513 Thread 0x00000177f12f6190 Thread added: 0x00000177f12f6190
Event: 11.514 loading class java/util/TreeMap$ValueSpliterator
Event: 11.514 loading class java/util/TreeMap$TreeMapSpliterator
Event: 11.515 loading class java/util/TreeMap$TreeMapSpliterator done
Event: 11.515 loading class java/util/TreeMap$ValueSpliterator done
Event: 11.527 Thread 0x00000177c5aca960 Thread exited: 0x00000177c5aca960
Event: 11.527 Thread 0x00000177f12f5c80 Thread added: 0x00000177f12f5c80
Event: 11.836 loading class jdk/internal/access/foreign/MemorySegmentProxy
Event: 11.836 loading class jdk/internal/access/foreign/MemorySegmentProxy done
Event: 12.156 Thread 0x00000177eaa29490 Thread exited: 0x00000177eaa29490
Event: 12.156 Thread 0x00000177f0c25030 Thread exited: 0x00000177f0c25030


Dynamic libraries:
0x00007ff69bdb0000 - 0x00007ff69bdc0000 	C:\Program Files\Java\jdk-17\bin\java.exe
0x00007ffab9e50000 - 0x00007ffaba067000 	C:\Windows\SYSTEM32\ntdll.dll
0x00007ffab8930000 - 0x00007ffab89f4000 	C:\Windows\System32\KERNEL32.DLL
0x00007ffab75a0000 - 0x00007ffab794c000 	C:\Windows\System32\KERNELBASE.dll
0x00007ffab72f0000 - 0x00007ffab7401000 	C:\Windows\System32\ucrtbase.dll
0x00007ffaaccd0000 - 0x00007ffaacce9000 	C:\Program Files\Java\jdk-17\bin\jli.dll
0x00007ffa9d180000 - 0x00007ffa9d19b000 	C:\Program Files\Java\jdk-17\bin\VCRUNTIME140.dll
0x00007ffab9500000 - 0x00007ffab95b2000 	C:\Windows\System32\ADVAPI32.dll
0x00007ffab96d0000 - 0x00007ffab9777000 	C:\Windows\System32\msvcrt.dll
0x00007ffab7f80000 - 0x00007ffab8028000 	C:\Windows\System32\sechost.dll
0x00007ffab7950000 - 0x00007ffab7978000 	C:\Windows\System32\bcrypt.dll
0x00007ffab7b90000 - 0x00007ffab7ca5000 	C:\Windows\System32\RPCRT4.dll
0x00007ffab9780000 - 0x00007ffab992e000 	C:\Windows\System32\USER32.dll
0x00007ffa99db0000 - 0x00007ffa9a043000 	C:\Windows\WinSxS\amd64_microsoft.windows.common-controls_6595b64144ccf1df_6.0.22621.3672_none_2713b9d173822955\COMCTL32.dll
0x00007ffab7aa0000 - 0x00007ffab7ac6000 	C:\Windows\System32\win32u.dll
0x00007ffab9640000 - 0x00007ffab9669000 	C:\Windows\System32\GDI32.dll
0x00007ffab7980000 - 0x00007ffab7a99000 	C:\Windows\System32\gdi32full.dll
0x00007ffab7500000 - 0x00007ffab759a000 	C:\Windows\System32\msvcp_win.dll
0x00007ffaace30000 - 0x00007ffaace3a000 	C:\Windows\SYSTEM32\VERSION.dll
0x00007ffab9dd0000 - 0x00007ffab9e01000 	C:\Windows\System32\IMM32.DLL
0x00007ffab1ff0000 - 0x00007ffab1ffc000 	C:\Program Files\Java\jdk-17\bin\vcruntime140_1.dll
0x00007ffa9d040000 - 0x00007ffa9d0ce000 	C:\Program Files\Java\jdk-17\bin\msvcp140.dll
0x00007ffa5c410000 - 0x00007ffa5cfef000 	C:\Program Files\Java\jdk-17\bin\server\jvm.dll
0x00007ffab9dc0000 - 0x00007ffab9dc8000 	C:\Windows\System32\PSAPI.DLL
0x00007ffaacea0000 - 0x00007ffaaced4000 	C:\Windows\SYSTEM32\WINMM.dll
0x00007ffa6e060000 - 0x00007ffa6e069000 	C:\Windows\SYSTEM32\WSOCK32.dll
0x00007ffab95c0000 - 0x00007ffab9631000 	C:\Windows\System32\WS2_32.dll
0x00007ffab6170000 - 0x00007ffab6188000 	C:\Windows\SYSTEM32\kernel.appcore.dll
0x00007ffa9cee0000 - 0x00007ffa9ceea000 	C:\Program Files\Java\jdk-17\bin\jimage.dll
0x00007ffab4a50000 - 0x00007ffab4c82000 	C:\Windows\SYSTEM32\DBGHELP.DLL
0x00007ffab82e0000 - 0x00007ffab8668000 	C:\Windows\System32\combase.dll
0x00007ffab7ea0000 - 0x00007ffab7f77000 	C:\Windows\System32\OLEAUT32.dll
0x00007ffa7cd60000 - 0x00007ffa7cd92000 	C:\Windows\SYSTEM32\dbgcore.DLL
0x00007ffab7410000 - 0x00007ffab748b000 	C:\Windows\System32\bcryptPrimitives.dll
0x00007ffa9cdd0000 - 0x00007ffa9cdde000 	C:\Program Files\Java\jdk-17\bin\instrument.dll
0x00007ffa9ceb0000 - 0x00007ffa9ced5000 	C:\Program Files\Java\jdk-17\bin\java.dll
0x00007ffa98d20000 - 0x00007ffa98df7000 	C:\Program Files\Java\jdk-17\bin\jsvml.dll
0x00007ffab8a80000 - 0x00007ffab92dc000 	C:\Windows\System32\SHELL32.dll
0x00007ffab5080000 - 0x00007ffab5977000 	C:\Windows\SYSTEM32\windows.storage.dll
0x00007ffab4f40000 - 0x00007ffab507f000 	C:\Windows\SYSTEM32\wintypes.dll
0x00007ffab8030000 - 0x00007ffab8124000 	C:\Windows\System32\SHCORE.dll
0x00007ffab9670000 - 0x00007ffab96ce000 	C:\Windows\System32\shlwapi.dll
0x00007ffab70b0000 - 0x00007ffab70d1000 	C:\Windows\SYSTEM32\profapi.dll
0x00007ffa997b0000 - 0x00007ffa997c8000 	C:\Program Files\Java\jdk-17\bin\zip.dll
0x00007ffa9ce90000 - 0x00007ffa9cea9000 	C:\Program Files\Java\jdk-17\bin\net.dll
0x00007ffab16f0000 - 0x00007ffab1826000 	C:\Windows\SYSTEM32\WINHTTP.dll
0x00007ffab65d0000 - 0x00007ffab6639000 	C:\Windows\system32\mswsock.dll
0x00007ffa9b9c0000 - 0x00007ffa9b9d6000 	C:\Program Files\Java\jdk-17\bin\nio.dll
0x00007ffa99790000 - 0x00007ffa997aa000 	C:\Program Files\JetBrains\IntelliJ IDEA Community Edition 2024.1.2\bin\breakgen64.dll
0x00007ffa9c560000 - 0x00007ffa9c570000 	C:\Program Files\Java\jdk-17\bin\verify.dll
0x00007ffa9c850000 - 0x00007ffa9c85a000 	C:\Program Files\Java\jdk-17\bin\management.dll
0x00007ffa9c6a0000 - 0x00007ffa9c6ab000 	C:\Program Files\Java\jdk-17\bin\management_ext.dll
0x00007ffa78d60000 - 0x00007ffa78d77000 	C:\Windows\system32\napinsp.dll
0x00007ffa78cd0000 - 0x00007ffa78ceb000 	C:\Windows\system32\pnrpnsp.dll
0x00007ffab5c10000 - 0x00007ffab5d08000 	C:\Windows\SYSTEM32\DNSAPI.dll
0x00007ffab5be0000 - 0x00007ffab5c0d000 	C:\Windows\SYSTEM32\IPHLPAPI.DLL
0x00007ffab92e0000 - 0x00007ffab92e9000 	C:\Windows\System32\NSI.dll
0x00007ffa78cb0000 - 0x00007ffa78cc1000 	C:\Windows\System32\winrnr.dll
0x00007ffa82ce0000 - 0x00007ffa82cf5000 	C:\Windows\system32\wshbth.dll
0x00007ffa78c80000 - 0x00007ffa78ca7000 	C:\Windows\system32\nlansp_c.dll
0x00007ffaab9c0000 - 0x00007ffaab9ca000 	C:\Windows\System32\rasadhlp.dll
0x00007ffaabde0000 - 0x00007ffaabe63000 	C:\Windows\System32\fwpuclnt.dll
0x00007ffab6920000 - 0x00007ffab693b000 	C:\Windows\SYSTEM32\CRYPTSP.dll
0x00007ffab60d0000 - 0x00007ffab6105000 	C:\Windows\system32\rsaenh.dll
0x00007ffab6670000 - 0x00007ffab6698000 	C:\Windows\SYSTEM32\USERENV.dll
0x00007ffab6900000 - 0x00007ffab690c000 	C:\Windows\SYSTEM32\CRYPTBASE.dll
0x00007ffaaea30000 - 0x00007ffaaea49000 	C:\Windows\SYSTEM32\dhcpcsvc6.DLL
0x00007ffaae980000 - 0x00007ffaae99f000 	C:\Windows\SYSTEM32\dhcpcsvc.DLL
0x00007ffa9c670000 - 0x00007ffa9c67e000 	C:\Program Files\Java\jdk-17\bin\sunmscapi.dll
0x00007ffab7180000 - 0x00007ffab72e7000 	C:\Windows\System32\CRYPT32.dll
0x00007ffab6a40000 - 0x00007ffab6a6e000 	C:\Windows\SYSTEM32\ncrypt.dll
0x00007ffab6a00000 - 0x00007ffab6a37000 	C:\Windows\SYSTEM32\NTASN1.dll
0x00007ffa73020000 - 0x00007ffa73028000 	C:\Windows\system32\wshunix.dll

dbghelp: loaded successfully - version: 4.0.5 - missing functions: none
symbol engine: initialized successfully - sym options: 0x614 - pdb path: .;C:\Program Files\Java\jdk-17\bin;C:\Windows\SYSTEM32;C:\Windows\WinSxS\amd64_microsoft.windows.common-controls_6595b64144ccf1df_6.0.22621.3672_none_2713b9d173822955;C:\Program Files\Java\jdk-17\bin\server;C:\Program Files\JetBrains\IntelliJ IDEA Community Edition 2024.1.2\bin

VM Arguments:
jvm_args: -javaagent:C:\Program Files\JetBrains\IntelliJ IDEA Community Edition 2024.1.2\lib\idea_rt.jar=12675:C:\Program Files\JetBrains\IntelliJ IDEA Community Edition 2024.1.2\bin -Dfile.encoding=UTF-8 
java_command: com.example.nexa.NexaApplication
java_class_path (initial): C:\Users\chari\Documents\backend\target\classes;C:\Users\chari\.m2\repository\org\springframework\boot\spring-boot-starter-web\2.5.5\spring-boot-starter-web-2.5.5.jar;C:\Users\chari\.m2\repository\org\springframework\boot\spring-boot-starter\2.5.5\spring-boot-starter-2.5.5.jar;C:\Users\chari\.m2\repository\org\springframework\boot\spring-boot\2.5.5\spring-boot-2.5.5.jar;C:\Users\chari\.m2\repository\org\springframework\boot\spring-boot-autoconfigure\2.5.5\spring-boot-autoconfigure-2.5.5.jar;C:\Users\chari\.m2\repository\org\springframework\boot\spring-boot-starter-logging\2.5.5\spring-boot-starter-logging-2.5.5.jar;C:\Users\chari\.m2\repository\ch\qos\logback\logback-classic\1.2.6\logback-classic-1.2.6.jar;C:\Users\chari\.m2\repository\ch\qos\logback\logback-core\1.2.6\logback-core-1.2.6.jar;C:\Users\chari\.m2\repository\org\apache\logging\log4j\log4j-to-slf4j\2.14.1\log4j-to-slf4j-2.14.1.jar;C:\Users\chari\.m2\repository\org\apache\logging\log4j\log4j-api\2.14.1\log4j-api-2.14.1.jar;C:\Users\chari\.m2\repository\org\slf4j\jul-to-slf4j\1.7.32\jul-to-slf4j-1.7.32.jar;C:\Users\chari\.m2\repository\jakarta\annotation\jakarta.annotation-api\1.3.5\jakarta.annotation-api-1.3.5.jar;C:\Users\chari\.m2\repository\org\yaml\snakeyaml\1.28\snakeyaml-1.28.jar;C:\Users\chari\.m2\repository\org\springframework\boot\spring-boot-starter-json\2.5.5\spring-boot-starter-json-2.5.5.jar;C:\Users\chari\.m2\repository\com\fasterxml\jackson\core\jackson-databind\2.12.5\jackson-databind-2.12.5.jar;C:\Users\chari\.m2\repository\com\fasterxml\jackson\core\jackson-annotations\2.12.5\jackson-annotations-2.12.5.jar;C:\Users\chari\.m2\repository\com\fasterxml\jackson\core\jackson-core\2.12.5\jackson-core-2.12.5.jar;C:\Users\chari\.m2\repository\com\fasterxml\jackson\datatype\jackson-datatype-jdk8\2.12.5\jackson-datatype-jdk8-2.12.5.jar;C:\Users\chari\.m2\repository\com\fasterxml\jackson\datatype\jackson-datatype-jsr310\2.12.5\jackson-datatype-jsr310-2.12.5.jar;C:\Users
Launcher Type: SUN_STANDARD

[Global flags]
     intx CICompilerCount                          = 4                                         {product} {ergonomic}
     uint ConcGCThreads                            = 2                                         {product} {ergonomic}
     uint G1ConcRefinementThreads                  = 8                                         {product} {ergonomic}
   size_t G1HeapRegionSize                         = 2097152                                   {product} {ergonomic}
    uintx GCDrainStackTargetSize                   = 64                                        {product} {ergonomic}
   size_t InitialHeapSize                          = 264241152                                 {product} {ergonomic}
   size_t MarkStackSize                            = 4194304                                   {product} {ergonomic}
   size_t MaxHeapSize                              = 4215275520                                {product} {ergonomic}
   size_t MaxNewSize                               = 2529165312                                {product} {ergonomic}
   size_t MinHeapDeltaBytes                        = 2097152                                   {product} {ergonomic}
   size_t MinHeapSize                              = 8388608                                   {product} {ergonomic}
    uintx NonNMethodCodeHeapSize                   = 5839372                                {pd product} {ergonomic}
    uintx NonProfiledCodeHeapSize                  = 122909434                              {pd product} {ergonomic}
    uintx ProfiledCodeHeapSize                     = 122909434                              {pd product} {ergonomic}
    uintx ReservedCodeCacheSize                    = 251658240                              {pd product} {ergonomic}
     bool SegmentedCodeCache                       = true                                      {product} {ergonomic}
   size_t SoftMaxHeapSize                          = 4215275520                             {manageable} {ergonomic}
     bool UseCompressedClassPointers               = true                           {product lp64_product} {ergonomic}
     bool UseCompressedOops                        = true                           {product lp64_product} {ergonomic}
     bool UseG1GC                                  = true                                      {product} {ergonomic}
     bool UseLargePagesIndividualAllocation        = false                                  {pd product} {ergonomic}

Logging:
Log output configuration:
 #0: stdout all=warning uptime,level,tags
 #1: stderr all=off uptime,level,tags

Environment Variables:
JAVA_HOME=C:\Program Files\Java\jdk-17
PATH=C:\Program Files\Common Files\Oracle\Java\javapath;C:\Windows\system32;C:\Windows;C:\Windows\System32\Wbem;C:\Windows\System32\WindowsPowerShell\v1.0\;C:\Windows\System32\OpenSSH\;C:\Program Files\Git\cmd;C:\Program Files (x86)\Windows Kits\10\Windows Performance Toolkit\;C:\Program Files\dotnet\;C:\Program Files\Microsoft SQL Server\150\Tools\Binn\;C:\Program Files\Microsoft SQL Server\Client SDK\ODBC\170\Tools\Binn\;C:\Program Files\Apache\Maven\apache-maven-3.9.6\bin;C:\Program Files\nodejs\;C:\Program Files\Java\jdk-17\bin;;C:\ProgramData\chocolatey\bin;C:\Users\chari\AppData\Local\Programs\Python\Python312\Scripts\;C:\Users\chari\AppData\Local\Programs\Python\Python312\;C:\Users\chari\AppData\Local\Programs\Python\Launcher\;C:\Users\chari\.dotnet\tools;C:\Users\chari\AppData\Roaming\npm;C:\Users\chari\AppData\Local\Programs\Microsoft VS Code\bin;C:\Users\chari\src\flutter\bin;C:\Program Files\JetBrains\IntelliJ IDEA Community Edition 2024.1.2\bin;
USERNAME=chari
OS=Windows_NT
PROCESSOR_IDENTIFIER=Intel64 Family 6 Model 140 Stepping 1, GenuineIntel



---------------  S Y S T E M  ---------------

OS:
 Windows 11 , 64 bit Build 22621 (10.0.22621.3672)
OS uptime: 0 days 6:15 hours
Hyper-V role detected

CPU: total 8 (initial active 8) (4 cores per cpu, 2 threads per core) family 6 model 140 stepping 1 microcode 0x9a, cx8, cmov, fxsr, ht, mmx, 3dnowpref, sse, sse2, sse3, ssse3, sse4.1, sse4.2, popcnt, lzcnt, tsc, tscinvbit, avx, avx2, aes, erms, clmul, bmi1, bmi2, adx, avx512f, avx512dq, avx512cd, avx512bw, avx512vl, sha, fma, vzeroupper, avx512_vpopcntdq, avx512_vpclmulqdq, avx512_vaes, avx512_vnni, clflush, clflushopt, clwb, avx512_vbmi2, avx512_vbmi, hv

Memory: 4k page, system-wide physical 16073M (954M free)
TotalPageFile size 18121M (AvailPageFile size 4M)
current process WorkingSet (physical memory assigned to process): 283M, peak: 342M
current process commit charge ("private bytes"): 343M, peak: 422M

vm_info: Java HotSpot(TM) 64-Bit Server VM (17.0.10+11-LTS-240) for windows-amd64 JRE (17.0.10+11-LTS-240), built on Dec 19 2023 21:47:25 by "mach5one" with MS VC++ 17.1 (VS2022)

END.
