#
# There is insufficient memory for the Java Runtime Environment to continue.
# Native memory allocation (mmap) failed to map 264241152 bytes for G1 virtual space
# Possible reasons:
#   The system is out of physical RAM or swap space
#   The process is running with CompressedOops enabled, and the Java Heap may be blocking the growth of the native heap
# Possible solutions:
#   Reduce memory load on the system
#   Increase physical memory or swap space
#   Check if swap backing store is full
#   Decrease Java heap size (-Xmx/-Xms)
#   Decrease number of Java threads
#   Decrease Java thread stack sizes (-Xss)
#   Set larger code cache with -XX:ReservedCodeCacheSize=
#   JVM is running with Zero Based Compressed Oops mode in which the Java heap is
#     placed in the first 32GB address space. The Java Heap base address is the
#     maximum limit for the native heap growth. Please use -XX:HeapBaseMinAddress
#     to set the Java Heap base and to place the Java Heap above 32GB virtual address.
# This output file may be truncated or incomplete.
#
#  Out of Memory Error (os_windows.cpp:3548), pid=16044, tid=15704
#
# JRE version:  (17.0.10+11) (build )
# Java VM: Java HotSpot(TM) 64-Bit Server VM (17.0.10+11-LTS-240, mixed mode, sharing, tiered, compressed oops, compressed class ptrs, g1 gc, windows-amd64)
# No core dump will be written. Minidumps are not enabled by default on client versions of Windows
#

---------------  S U M M A R Y ------------

Command Line: -javaagent:C:\Program Files\JetBrains\IntelliJ IDEA Community Edition 2024.1.2\lib\idea_rt.jar=6189:C:\Program Files\JetBrains\IntelliJ IDEA Community Edition 2024.1.2\bin -Dfile.encoding=UTF-8 com.example.nexa.NexaApplication

Host: 11th Gen Intel(R) Core(TM) i7-1165G7 @ 2.80GHz, 8 cores, 15G,  Windows 11 , 64 bit Build 22621 (10.0.22621.3672)
Time: Tue Jun 18 02:00:49 2024 Sri Lanka Standard Time elapsed time: 0.015278 seconds (0d 0h 0m 0s)

---------------  T H R E A D  ---------------

Current thread (0x000001d0fe89bff0):  JavaThread "Unknown thread" [_thread_in_vm, id=15704, stack(0x000000d0f3600000,0x000000d0f3700000)]

Stack: [0x000000d0f3600000,0x000000d0f3700000]
Native frames: (J=compiled Java code, j=interpreted, Vv=VM code, C=native code)
V  [jvm.dll+0x677a5a]
V  [jvm.dll+0x7d8b2d]
V  [jvm.dll+0x7da48e]
V  [jvm.dll+0x7daaf3]
V  [jvm.dll+0x2455ff]
V  [jvm.dll+0x6749b9]
V  [jvm.dll+0x669382]
V  [jvm.dll+0x302e96]
V  [jvm.dll+0x30a416]
V  [jvm.dll+0x359cbe]
V  [jvm.dll+0x359eef]
V  [jvm.dll+0x2d9e88]
V  [jvm.dll+0x2dadf4]
V  [jvm.dll+0x7aa551]
V  [jvm.dll+0x367911]
V  [jvm.dll+0x789639]
V  [jvm.dll+0x3eb30f]
V  [jvm.dll+0x3ecd91]
C  [jli.dll+0x5297]
C  [ucrtbase.dll+0x29333]
C  [KERNEL32.DLL+0x1257d]
C  [ntdll.dll+0x5aa48]


---------------  P R O C E S S  ---------------

Threads class SMR info:
_java_thread_list=0x00007ffa50866a18, length=0, elements={
}

Java Threads: ( => current thread )

Other Threads:
  0x000001d0fe90a1c0 GCTaskThread "GC Thread#0" [stack: 0x000000d0f3700000,0x000000d0f3800000] [id=10692]
  0x000001d0fe91ab50 ConcurrentGCThread "G1 Main Marker" [stack: 0x000000d0f3800000,0x000000d0f3900000] [id=14624]
  0x000001d0fe91bc00 ConcurrentGCThread "G1 Conc#0" [stack: 0x000000d0f3900000,0x000000d0f3a00000] [id=13516]

[error occurred during error reporting (printing all threads), id 0xc0000005, EXCEPTION_ACCESS_VIOLATION (0xc0000005) at pc=0x00007ffa5009aae7]

VM state: not at safepoint (not fully initialized)

VM Mutex/Monitor currently owned by a thread:  ([mutex/lock_event])
[0x000001d0fe896620] Heap_lock - owner thread: 0x000001d0fe89bff0

Heap address: 0x0000000704c00000, size: 4020 MB, Compressed Oops mode: Zero based, Oop shift amount: 3

CDS archive(s) mapped at: [0x0000000000000000-0x0000000000000000-0x0000000000000000), size 0, SharedBaseAddress: 0x0000000800000000, ArchiveRelocationMode: 1.
Narrow klass base: 0x0000000000000000, Narrow klass shift: 0, Narrow klass range: 0x0

GC Precious Log:
<Empty>

Heap:
 garbage-first heap   total 0K, used 0K [0x0000000704c00000, 0x0000000800000000)
  region size 2048K, 0 young (0K), 0 survivors (0K)

[error occurred during error reporting (printing heap information), id 0xc0000005, EXCEPTION_ACCESS_VIOLATION (0xc0000005) at pc=0x00007ffa50481249]

GC Heap History (0 events):
No events

Deoptimization events (0 events):
No events

Classes unloaded (0 events):
No events

Classes redefined (0 events):
No events

Internal exceptions (0 events):
No events

VM Operations (0 events):
No events

Events (1 events):
Event: 0.011 Loaded shared library C:\Program Files\Java\jdk-17\bin\java.dll


Dynamic libraries:
0x00007ff6dbc30000 - 0x00007ff6dbc40000 	C:\Program Files\Java\jdk-17\bin\java.exe
0x00007ffab9e50000 - 0x00007ffaba067000 	C:\Windows\SYSTEM32\ntdll.dll
0x00007ffab8930000 - 0x00007ffab89f4000 	C:\Windows\System32\KERNEL32.DLL
0x00007ffab75a0000 - 0x00007ffab794c000 	C:\Windows\System32\KERNELBASE.dll
0x00007ffab72f0000 - 0x00007ffab7401000 	C:\Windows\System32\ucrtbase.dll
0x00007ffa9d160000 - 0x00007ffa9d17b000 	C:\Program Files\Java\jdk-17\bin\VCRUNTIME140.dll
0x00007ffa9d180000 - 0x00007ffa9d199000 	C:\Program Files\Java\jdk-17\bin\jli.dll
0x00007ffab9500000 - 0x00007ffab95b2000 	C:\Windows\System32\ADVAPI32.dll
0x00007ffab96d0000 - 0x00007ffab9777000 	C:\Windows\System32\msvcrt.dll
0x00007ffab7f80000 - 0x00007ffab8028000 	C:\Windows\System32\sechost.dll
0x00007ffab7950000 - 0x00007ffab7978000 	C:\Windows\System32\bcrypt.dll
0x00007ffab7b90000 - 0x00007ffab7ca5000 	C:\Windows\System32\RPCRT4.dll
0x00007ffab9780000 - 0x00007ffab992e000 	C:\Windows\System32\USER32.dll
0x00007ffab7aa0000 - 0x00007ffab7ac6000 	C:\Windows\System32\win32u.dll
0x00007ffa99db0000 - 0x00007ffa9a043000 	C:\Windows\WinSxS\amd64_microsoft.windows.common-controls_6595b64144ccf1df_6.0.22621.3672_none_2713b9d173822955\COMCTL32.dll
0x00007ffab9640000 - 0x00007ffab9669000 	C:\Windows\System32\GDI32.dll
0x00007ffab7980000 - 0x00007ffab7a99000 	C:\Windows\System32\gdi32full.dll
0x00007ffab7500000 - 0x00007ffab759a000 	C:\Windows\System32\msvcp_win.dll
0x00007ffaace30000 - 0x00007ffaace3a000 	C:\Windows\SYSTEM32\VERSION.dll
0x00007ffab9dd0000 - 0x00007ffab9e01000 	C:\Windows\System32\IMM32.DLL
0x00007ffa9d150000 - 0x00007ffa9d15c000 	C:\Program Files\Java\jdk-17\bin\vcruntime140_1.dll
0x00007ffa98d00000 - 0x00007ffa98d8e000 	C:\Program Files\Java\jdk-17\bin\msvcp140.dll
0x00007ffa4fdb0000 - 0x00007ffa5098f000 	C:\Program Files\Java\jdk-17\bin\server\jvm.dll
0x00007ffab9dc0000 - 0x00007ffab9dc8000 	C:\Windows\System32\PSAPI.DLL
0x00007ffaacea0000 - 0x00007ffaaced4000 	C:\Windows\SYSTEM32\WINMM.dll
0x00007ffa6e060000 - 0x00007ffa6e069000 	C:\Windows\SYSTEM32\WSOCK32.dll
0x00007ffab95c0000 - 0x00007ffab9631000 	C:\Windows\System32\WS2_32.dll
0x00007ffab6170000 - 0x00007ffab6188000 	C:\Windows\SYSTEM32\kernel.appcore.dll
0x00007ffa9d140000 - 0x00007ffa9d14a000 	C:\Program Files\Java\jdk-17\bin\jimage.dll
0x00007ffab4a50000 - 0x00007ffab4c82000 	C:\Windows\SYSTEM32\DBGHELP.DLL
0x00007ffab82e0000 - 0x00007ffab8668000 	C:\Windows\System32\combase.dll
0x00007ffab7ea0000 - 0x00007ffab7f77000 	C:\Windows\System32\OLEAUT32.dll
0x00007ffa7cd60000 - 0x00007ffa7cd92000 	C:\Windows\SYSTEM32\dbgcore.DLL
0x00007ffab7410000 - 0x00007ffab748b000 	C:\Windows\System32\bcryptPrimitives.dll
0x00007ffa9d130000 - 0x00007ffa9d13e000 	C:\Program Files\Java\jdk-17\bin\instrument.dll
0x00007ffa9cea0000 - 0x00007ffa9cec5000 	C:\Program Files\Java\jdk-17\bin\java.dll

dbghelp: loaded successfully - version: 4.0.5 - missing functions: none
symbol engine: initialized successfully - sym options: 0x614 - pdb path: .;C:\Program Files\Java\jdk-17\bin;C:\Windows\SYSTEM32;C:\Windows\WinSxS\amd64_microsoft.windows.common-controls_6595b64144ccf1df_6.0.22621.3672_none_2713b9d173822955;C:\Program Files\Java\jdk-17\bin\server

VM Arguments:
jvm_args: -javaagent:C:\Program Files\JetBrains\IntelliJ IDEA Community Edition 2024.1.2\lib\idea_rt.jar=6189:C:\Program Files\JetBrains\IntelliJ IDEA Community Edition 2024.1.2\bin -Dfile.encoding=UTF-8 
java_command: com.example.nexa.NexaApplication
java_class_path (initial): C:\Users\chari\Documents\backend\target\classes;C:\Users\chari\.m2\repository\org\springframework\boot\spring-boot-starter-web\2.5.5\spring-boot-starter-web-2.5.5.jar;C:\Users\chari\.m2\repository\org\springframework\boot\spring-boot-starter\2.5.5\spring-boot-starter-2.5.5.jar;C:\Users\chari\.m2\repository\org\springframework\boot\spring-boot\2.5.5\spring-boot-2.5.5.jar;C:\Users\chari\.m2\repository\org\springframework\boot\spring-boot-autoconfigure\2.5.5\spring-boot-autoconfigure-2.5.5.jar;C:\Users\chari\.m2\repository\org\springframework\boot\spring-boot-starter-logging\2.5.5\spring-boot-starter-logging-2.5.5.jar;C:\Users\chari\.m2\repository\ch\qos\logback\logback-classic\1.2.6\logback-classic-1.2.6.jar;C:\Users\chari\.m2\repository\ch\qos\logback\logback-core\1.2.6\logback-core-1.2.6.jar;C:\Users\chari\.m2\repository\org\apache\logging\log4j\log4j-to-slf4j\2.14.1\log4j-to-slf4j-2.14.1.jar;C:\Users\chari\.m2\repository\org\apache\logging\log4j\log4j-api\2.14.1\log4j-api-2.14.1.jar;C:\Users\chari\.m2\repository\org\slf4j\jul-to-slf4j\1.7.32\jul-to-slf4j-1.7.32.jar;C:\Users\chari\.m2\repository\jakarta\annotation\jakarta.annotation-api\1.3.5\jakarta.annotation-api-1.3.5.jar;C:\Users\chari\.m2\repository\org\yaml\snakeyaml\1.28\snakeyaml-1.28.jar;C:\Users\chari\.m2\repository\org\springframework\boot\spring-boot-starter-json\2.5.5\spring-boot-starter-json-2.5.5.jar;C:\Users\chari\.m2\repository\com\fasterxml\jackson\core\jackson-databind\2.12.5\jackson-databind-2.12.5.jar;C:\Users\chari\.m2\repository\com\fasterxml\jackson\core\jackson-annotations\2.12.5\jackson-annotations-2.12.5.jar;C:\Users\chari\.m2\repository\com\fasterxml\jackson\core\jackson-core\2.12.5\jackson-core-2.12.5.jar;C:\Users\chari\.m2\repository\com\fasterxml\jackson\datatype\jackson-datatype-jdk8\2.12.5\jackson-datatype-jdk8-2.12.5.jar;C:\Users\chari\.m2\repository\com\fasterxml\jackson\datatype\jackson-datatype-jsr310\2.12.5\jackson-datatype-jsr310-2.12.5.jar;C:\Users
Launcher Type: SUN_STANDARD

[Global flags]
     intx CICompilerCount                          = 4                                         {product} {ergonomic}
     uint ConcGCThreads                            = 2                                         {product} {ergonomic}
     uint G1ConcRefinementThreads                  = 8                                         {product} {ergonomic}
   size_t G1HeapRegionSize                         = 2097152                                   {product} {ergonomic}
    uintx GCDrainStackTargetSize                   = 64                                        {product} {ergonomic}
   size_t InitialHeapSize                          = 264241152                                 {product} {ergonomic}
   size_t MarkStackSize                            = 4194304                                   {product} {ergonomic}
   size_t MaxHeapSize                              = 4215275520                                {product} {ergonomic}
   size_t MinHeapDeltaBytes                        = 2097152                                   {product} {ergonomic}
   size_t MinHeapSize                              = 8388608                                   {product} {ergonomic}
    uintx NonNMethodCodeHeapSize                   = 5839372                                {pd product} {ergonomic}
    uintx NonProfiledCodeHeapSize                  = 122909434                              {pd product} {ergonomic}
    uintx ProfiledCodeHeapSize                     = 122909434                              {pd product} {ergonomic}
    uintx ReservedCodeCacheSize                    = 251658240                              {pd product} {ergonomic}
     bool SegmentedCodeCache                       = true                                      {product} {ergonomic}
   size_t SoftMaxHeapSize                          = 4215275520                             {manageable} {ergonomic}
     bool UseCompressedClassPointers               = true                           {product lp64_product} {ergonomic}
     bool UseCompressedOops                        = true                           {product lp64_product} {ergonomic}
     bool UseG1GC                                  = true                                      {product} {ergonomic}
     bool UseLargePagesIndividualAllocation        = false                                  {pd product} {ergonomic}

Logging:
Log output configuration:
 #0: stdout all=warning uptime,level,tags
 #1: stderr all=off uptime,level,tags

Environment Variables:
JAVA_HOME=C:\Program Files\Java\jdk-17
PATH=C:\Program Files\Common Files\Oracle\Java\javapath;C:\Windows\system32;C:\Windows;C:\Windows\System32\Wbem;C:\Windows\System32\WindowsPowerShell\v1.0\;C:\Windows\System32\OpenSSH\;C:\Program Files\Git\cmd;C:\Program Files (x86)\Windows Kits\10\Windows Performance Toolkit\;C:\Program Files\dotnet\;C:\Program Files\Microsoft SQL Server\150\Tools\Binn\;C:\Program Files\Microsoft SQL Server\Client SDK\ODBC\170\Tools\Binn\;C:\Program Files\Apache\Maven\apache-maven-3.9.6\bin;C:\Program Files\nodejs\;C:\Program Files\Java\jdk-17\bin;;C:\ProgramData\chocolatey\bin;C:\Users\chari\AppData\Local\Programs\Python\Python312\Scripts\;C:\Users\chari\AppData\Local\Programs\Python\Python312\;C:\Users\chari\AppData\Local\Programs\Python\Launcher\;C:\Users\chari\.dotnet\tools;C:\Users\chari\AppData\Roaming\npm;C:\Users\chari\AppData\Local\Programs\Microsoft VS Code\bin;C:\Users\chari\src\flutter\bin;C:\Program Files\JetBrains\IntelliJ IDEA Community Edition 2024.1.2\bin;
USERNAME=chari
OS=Windows_NT
PROCESSOR_IDENTIFIER=Intel64 Family 6 Model 140 Stepping 1, GenuineIntel



---------------  S Y S T E M  ---------------

OS:
 Windows 11 , 64 bit Build 22621 (10.0.22621.3672)
OS uptime: 0 days 7:43 hours
Hyper-V role detected

CPU: total 8 (initial active 8) (4 cores per cpu, 2 threads per core) family 6 model 140 stepping 1 microcode 0x9a, cx8, cmov, fxsr, ht, mmx, 3dnowpref, sse, sse2, sse3, ssse3, sse4.1, sse4.2, popcnt, lzcnt, tsc, tscinvbit, avx, avx2, aes, erms, clmul, bmi1, bmi2, adx, avx512f, avx512dq, avx512cd, avx512bw, avx512vl, sha, fma, vzeroupper, avx512_vpopcntdq, avx512_vpclmulqdq, avx512_vaes, avx512_vnni, clflush, clflushopt, clwb, avx512_vbmi2, avx512_vbmi, hv

Memory: 4k page, system-wide physical 16073M (506M free)
TotalPageFile size 18121M (AvailPageFile size 60M)
current process WorkingSet (physical memory assigned to process): 11M, peak: 11M
current process commit charge ("private bytes"): 60M, peak: 312M

vm_info: Java HotSpot(TM) 64-Bit Server VM (17.0.10+11-LTS-240) for windows-amd64 JRE (17.0.10+11-LTS-240), built on Dec 19 2023 21:47:25 by "mach5one" with MS VC++ 17.1 (VS2022)

END.
